{"C:\\Users\\ALEXANDRE\\Documents\\API\\API-Fil-rouge\\app.js": {"path":"C:\\Users\\ALEXANDRE\\Documents\\API\\API-Fil-rouge\\app.js","statementMap":{"0":{"start":{"line":1,"column":15},"end":{"line":1,"column":32}},"1":{"start":{"line":2,"column":16},"end":{"line":2,"column":34}},"2":{"start":{"line":3,"column":12},"end":{"line":3,"column":21}},"3":{"start":{"line":4,"column":14},"end":{"line":4,"column":32}},"4":{"start":{"line":5,"column":19},"end":{"line":5,"column":41}},"5":{"start":{"line":6,"column":11},"end":{"line":6,"column":26}},"6":{"start":{"line":7,"column":12},"end":{"line":7,"column":35}},"7":{"start":{"line":8,"column":26},"end":{"line":8,"column":61}},"8":{"start":{"line":9,"column":14},"end":{"line":9,"column":44}},"9":{"start":{"line":10,"column":31},"end":{"line":10,"column":68}},"10":{"start":{"line":11,"column":24},"end":{"line":11,"column":57}},"11":{"start":{"line":12,"column":23},"end":{"line":12,"column":60}},"12":{"start":{"line":13,"column":31},"end":{"line":13,"column":68}},"13":{"start":{"line":14,"column":39},"end":{"line":14,"column":76}},"14":{"start":{"line":15,"column":42},"end":{"line":15,"column":80}},"15":{"start":{"line":16,"column":31},"end":{"line":16,"column":55}},"16":{"start":{"line":18,"column":21},"end":{"line":18,"column":45}},"17":{"start":{"line":19,"column":0},"end":{"line":19,"column":24}},"18":{"start":{"line":21,"column":0},"end":{"line":21,"column":52}},"19":{"start":{"line":22,"column":0},"end":{"line":22,"column":27}},"20":{"start":{"line":23,"column":0},"end":{"line":23,"column":24}},"21":{"start":{"line":25,"column":0},"end":{"line":25,"column":16}},"22":{"start":{"line":28,"column":0},"end":{"line":45,"column":3}},"23":{"start":{"line":29,"column":2},"end":{"line":44,"column":3}},"24":{"start":{"line":31,"column":24},"end":{"line":31,"column":45}},"25":{"start":{"line":32,"column":4},"end":{"line":35,"column":5}},"26":{"start":{"line":33,"column":6},"end":{"line":33,"column":58}},"27":{"start":{"line":34,"column":6},"end":{"line":34,"column":47}},"28":{"start":{"line":37,"column":4},"end":{"line":37,"column":61}},"29":{"start":{"line":38,"column":21},"end":{"line":38,"column":43}},"30":{"start":{"line":40,"column":4},"end":{"line":40,"column":47}},"31":{"start":{"line":41,"column":4},"end":{"line":41,"column":35}},"32":{"start":{"line":43,"column":4},"end":{"line":43,"column":49}},"33":{"start":{"line":48,"column":0},"end":{"line":53,"column":3}},"34":{"start":{"line":49,"column":16},"end":{"line":49,"column":28}},"35":{"start":{"line":50,"column":18},"end":{"line":50,"column":32}},"36":{"start":{"line":51,"column":4},"end":{"line":51,"column":40}},"37":{"start":{"line":52,"column":4},"end":{"line":52,"column":37}},"38":{"start":{"line":56,"column":0},"end":{"line":61,"column":3}},"39":{"start":{"line":57,"column":16},"end":{"line":57,"column":28}},"40":{"start":{"line":58,"column":18},"end":{"line":58,"column":32}},"41":{"start":{"line":59,"column":4},"end":{"line":59,"column":40}},"42":{"start":{"line":60,"column":4},"end":{"line":60,"column":37}},"43":{"start":{"line":64,"column":0},"end":{"line":67,"column":3}},"44":{"start":{"line":65,"column":4},"end":{"line":65,"column":43}},"45":{"start":{"line":66,"column":4},"end":{"line":66,"column":37}},"46":{"start":{"line":70,"column":0},"end":{"line":72,"column":3}},"47":{"start":{"line":71,"column":2},"end":{"line":71,"column":28}},"48":{"start":{"line":75,"column":0},"end":{"line":97,"column":3}},"49":{"start":{"line":76,"column":2},"end":{"line":96,"column":3}},"50":{"start":{"line":78,"column":19},"end":{"line":78,"column":30}},"51":{"start":{"line":80,"column":4},"end":{"line":82,"column":5}},"52":{"start":{"line":81,"column":6},"end":{"line":81,"column":75}},"53":{"start":{"line":85,"column":4},"end":{"line":85,"column":45}},"54":{"start":{"line":87,"column":4},"end":{"line":91,"column":7}},"55":{"start":{"line":92,"column":4},"end":{"line":92,"column":68}},"56":{"start":{"line":94,"column":4},"end":{"line":94,"column":44}},"57":{"start":{"line":95,"column":4},"end":{"line":95,"column":58}},"58":{"start":{"line":109,"column":0},"end":{"line":126,"column":3}},"59":{"start":{"line":110,"column":2},"end":{"line":125,"column":3}},"60":{"start":{"line":111,"column":37},"end":{"line":111,"column":45}},"61":{"start":{"line":112,"column":4},"end":{"line":114,"column":5}},"62":{"start":{"line":113,"column":6},"end":{"line":113,"column":82}},"63":{"start":{"line":116,"column":31},"end":{"line":116,"column":100}},"64":{"start":{"line":117,"column":4},"end":{"line":119,"column":5}},"65":{"start":{"line":118,"column":6},"end":{"line":118,"column":54}},"66":{"start":{"line":121,"column":19},"end":{"line":121,"column":64}},"67":{"start":{"line":122,"column":4},"end":{"line":122,"column":33}},"68":{"start":{"line":124,"column":4},"end":{"line":124,"column":51}},"69":{"start":{"line":129,"column":0},"end":{"line":149,"column":3}},"70":{"start":{"line":130,"column":2},"end":{"line":148,"column":3}},"71":{"start":{"line":131,"column":25},"end":{"line":131,"column":49}},"72":{"start":{"line":132,"column":4},"end":{"line":134,"column":5}},"73":{"start":{"line":133,"column":6},"end":{"line":133,"column":75}},"74":{"start":{"line":136,"column":20},"end":{"line":136,"column":72}},"75":{"start":{"line":138,"column":27},"end":{"line":141,"column":6}},"76":{"start":{"line":142,"column":4},"end":{"line":145,"column":7}},"77":{"start":{"line":147,"column":4},"end":{"line":147,"column":49}},"78":{"start":{"line":152,"column":0},"end":{"line":160,"column":3}},"79":{"start":{"line":153,"column":2},"end":{"line":159,"column":3}},"80":{"start":{"line":154,"column":32},"end":{"line":154,"column":40}},"81":{"start":{"line":155,"column":19},"end":{"line":155,"column":57}},"82":{"start":{"line":156,"column":4},"end":{"line":156,"column":21}},"83":{"start":{"line":158,"column":4},"end":{"line":158,"column":51}},"84":{"start":{"line":162,"column":0},"end":{"line":200,"column":3}},"85":{"start":{"line":163,"column":2},"end":{"line":199,"column":3}},"86":{"start":{"line":164,"column":19},"end":{"line":164,"column":30}},"87":{"start":{"line":165,"column":41},"end":{"line":165,"column":49}},"88":{"start":{"line":167,"column":4},"end":{"line":169,"column":5}},"89":{"start":{"line":168,"column":6},"end":{"line":168,"column":98}},"90":{"start":{"line":171,"column":17},"end":{"line":176,"column":6}},"91":{"start":{"line":172,"column":6},"end":{"line":175,"column":9}},"92":{"start":{"line":173,"column":8},"end":{"line":174,"column":26}},"93":{"start":{"line":173,"column":17},"end":{"line":173,"column":29}},"94":{"start":{"line":174,"column":13},"end":{"line":174,"column":26}},"95":{"start":{"line":177,"column":4},"end":{"line":177,"column":81}},"96":{"start":{"line":177,"column":15},"end":{"line":177,"column":81}},"97":{"start":{"line":179,"column":20},"end":{"line":179,"column":69}},"98":{"start":{"line":180,"column":4},"end":{"line":182,"column":5}},"99":{"start":{"line":181,"column":6},"end":{"line":181,"column":78}},"100":{"start":{"line":184,"column":31},"end":{"line":184,"column":103}},"101":{"start":{"line":185,"column":4},"end":{"line":187,"column":5}},"102":{"start":{"line":186,"column":6},"end":{"line":186,"column":54}},"103":{"start":{"line":189,"column":20},"end":{"line":189,"column":51}},"104":{"start":{"line":190,"column":4},"end":{"line":195,"column":7}},"105":{"start":{"line":191,"column":6},"end":{"line":194,"column":9}},"106":{"start":{"line":192,"column":8},"end":{"line":193,"column":23}},"107":{"start":{"line":192,"column":17},"end":{"line":192,"column":29}},"108":{"start":{"line":193,"column":13},"end":{"line":193,"column":23}},"109":{"start":{"line":196,"column":4},"end":{"line":196,"column":74}},"110":{"start":{"line":198,"column":4},"end":{"line":198,"column":51}},"111":{"start":{"line":202,"column":0},"end":{"line":202,"column":21}}},"fnMap":{"0":{"name":"(anonymous_0)","decl":{"start":{"line":28,"column":37},"end":{"line":28,"column":38}},"loc":{"start":{"line":28,"column":62},"end":{"line":45,"column":1}},"line":28},"1":{"name":"(anonymous_1)","decl":{"start":{"line":48,"column":38},"end":{"line":48,"column":39}},"loc":{"start":{"line":48,"column":63},"end":{"line":53,"column":1}},"line":48},"2":{"name":"(anonymous_2)","decl":{"start":{"line":56,"column":41},"end":{"line":56,"column":42}},"loc":{"start":{"line":56,"column":66},"end":{"line":61,"column":1}},"line":56},"3":{"name":"(anonymous_3)","decl":{"start":{"line":64,"column":44},"end":{"line":64,"column":45}},"loc":{"start":{"line":64,"column":69},"end":{"line":67,"column":1}},"line":64},"4":{"name":"(anonymous_4)","decl":{"start":{"line":70,"column":24},"end":{"line":70,"column":25}},"loc":{"start":{"line":70,"column":38},"end":{"line":72,"column":1}},"line":70},"5":{"name":"(anonymous_5)","decl":{"start":{"line":75,"column":44},"end":{"line":75,"column":45}},"loc":{"start":{"line":75,"column":64},"end":{"line":97,"column":1}},"line":75},"6":{"name":"(anonymous_6)","decl":{"start":{"line":109,"column":25},"end":{"line":109,"column":26}},"loc":{"start":{"line":109,"column":45},"end":{"line":126,"column":1}},"line":109},"7":{"name":"(anonymous_7)","decl":{"start":{"line":129,"column":26},"end":{"line":129,"column":27}},"loc":{"start":{"line":129,"column":46},"end":{"line":149,"column":1}},"line":129},"8":{"name":"(anonymous_8)","decl":{"start":{"line":152,"column":33},"end":{"line":152,"column":34}},"loc":{"start":{"line":152,"column":53},"end":{"line":160,"column":1}},"line":152},"9":{"name":"(anonymous_9)","decl":{"start":{"line":162,"column":53},"end":{"line":162,"column":54}},"loc":{"start":{"line":162,"column":73},"end":{"line":200,"column":1}},"line":162},"10":{"name":"(anonymous_10)","decl":{"start":{"line":171,"column":35},"end":{"line":171,"column":36}},"loc":{"start":{"line":171,"column":56},"end":{"line":176,"column":5}},"line":171},"11":{"name":"(anonymous_11)","decl":{"start":{"line":172,"column":59},"end":{"line":172,"column":60}},"loc":{"start":{"line":172,"column":73},"end":{"line":175,"column":7}},"line":172},"12":{"name":"(anonymous_12)","decl":{"start":{"line":190,"column":22},"end":{"line":190,"column":23}},"loc":{"start":{"line":190,"column":43},"end":{"line":195,"column":5}},"line":190},"13":{"name":"(anonymous_13)","decl":{"start":{"line":191,"column":78},"end":{"line":191,"column":79}},"loc":{"start":{"line":191,"column":87},"end":{"line":194,"column":7}},"line":191}},"branchMap":{"0":{"loc":{"start":{"line":32,"column":4},"end":{"line":35,"column":5}},"type":"if","locations":[{"start":{"line":32,"column":4},"end":{"line":35,"column":5}},{"start":{},"end":{}}],"line":32},"1":{"loc":{"start":{"line":80,"column":4},"end":{"line":82,"column":5}},"type":"if","locations":[{"start":{"line":80,"column":4},"end":{"line":82,"column":5}},{"start":{},"end":{}}],"line":80},"2":{"loc":{"start":{"line":112,"column":4},"end":{"line":114,"column":5}},"type":"if","locations":[{"start":{"line":112,"column":4},"end":{"line":114,"column":5}},{"start":{},"end":{}}],"line":112},"3":{"loc":{"start":{"line":112,"column":8},"end":{"line":112,"column":35}},"type":"binary-expr","locations":[{"start":{"line":112,"column":8},"end":{"line":112,"column":12}},{"start":{"line":112,"column":16},"end":{"line":112,"column":22}},{"start":{"line":112,"column":26},"end":{"line":112,"column":35}}],"line":112},"4":{"loc":{"start":{"line":117,"column":4},"end":{"line":119,"column":5}},"type":"if","locations":[{"start":{"line":117,"column":4},"end":{"line":119,"column":5}},{"start":{},"end":{}}],"line":117},"5":{"loc":{"start":{"line":132,"column":4},"end":{"line":134,"column":5}},"type":"if","locations":[{"start":{"line":132,"column":4},"end":{"line":134,"column":5}},{"start":{},"end":{}}],"line":132},"6":{"loc":{"start":{"line":167,"column":4},"end":{"line":169,"column":5}},"type":"if","locations":[{"start":{"line":167,"column":4},"end":{"line":169,"column":5}},{"start":{},"end":{}}],"line":167},"7":{"loc":{"start":{"line":167,"column":8},"end":{"line":167,"column":36}},"type":"binary-expr","locations":[{"start":{"line":167,"column":8},"end":{"line":167,"column":20}},{"start":{"line":167,"column":24},"end":{"line":167,"column":36}}],"line":167},"8":{"loc":{"start":{"line":173,"column":8},"end":{"line":174,"column":26}},"type":"if","locations":[{"start":{"line":173,"column":8},"end":{"line":174,"column":26}},{"start":{"line":174,"column":13},"end":{"line":174,"column":26}}],"line":173},"9":{"loc":{"start":{"line":177,"column":4},"end":{"line":177,"column":81}},"type":"if","locations":[{"start":{"line":177,"column":4},"end":{"line":177,"column":81}},{"start":{},"end":{}}],"line":177},"10":{"loc":{"start":{"line":180,"column":4},"end":{"line":182,"column":5}},"type":"if","locations":[{"start":{"line":180,"column":4},"end":{"line":182,"column":5}},{"start":{},"end":{}}],"line":180},"11":{"loc":{"start":{"line":185,"column":4},"end":{"line":187,"column":5}},"type":"if","locations":[{"start":{"line":185,"column":4},"end":{"line":187,"column":5}},{"start":{},"end":{}}],"line":185},"12":{"loc":{"start":{"line":192,"column":8},"end":{"line":193,"column":23}},"type":"if","locations":[{"start":{"line":192,"column":8},"end":{"line":193,"column":23}},{"start":{"line":193,"column":13},"end":{"line":193,"column":23}}],"line":192}},"s":{"0":3,"1":3,"2":3,"3":3,"4":3,"5":3,"6":3,"7":3,"8":3,"9":3,"10":3,"11":3,"12":3,"13":3,"14":3,"15":3,"16":3,"17":3,"18":3,"19":3,"20":3,"21":3,"22":3,"23":0,"24":0,"25":0,"26":0,"27":0,"28":0,"29":0,"30":0,"31":0,"32":0,"33":3,"34":0,"35":0,"36":0,"37":0,"38":3,"39":0,"40":0,"41":0,"42":0,"43":3,"44":0,"45":0,"46":3,"47":3,"48":3,"49":1,"50":1,"51":1,"52":0,"53":1,"54":1,"55":1,"56":0,"57":0,"58":3,"59":2,"60":2,"61":2,"62":0,"63":2,"64":2,"65":0,"66":2,"67":1,"68":1,"69":3,"70":1,"71":1,"72":1,"73":0,"74":1,"75":1,"76":1,"77":0,"78":3,"79":0,"80":0,"81":0,"82":0,"83":0,"84":3,"85":0,"86":0,"87":0,"88":0,"89":0,"90":0,"91":0,"92":0,"93":0,"94":0,"95":0,"96":0,"97":0,"98":0,"99":0,"100":0,"101":0,"102":0,"103":0,"104":0,"105":0,"106":0,"107":0,"108":0,"109":0,"110":0,"111":3},"f":{"0":0,"1":0,"2":0,"3":0,"4":3,"5":1,"6":2,"7":1,"8":0,"9":0,"10":0,"11":0,"12":0,"13":0},"b":{"0":[0,0],"1":[0,1],"2":[0,2],"3":[2,2,2],"4":[0,2],"5":[0,1],"6":[0,0],"7":[0,0],"8":[0,0],"9":[0,0],"10":[0,0],"11":[0,0],"12":[0,0]},"_coverageSchema":"1a1c01bbd47fc00a2c39e90264f33305004495a9","hash":"88447365029b8ffe4661697152787aaf3e10c4f9"}
,"C:\\Users\\ALEXANDRE\\Documents\\API\\API-Fil-rouge\\db.js": {"path":"C:\\Users\\ALEXANDRE\\Documents\\API\\API-Fil-rouge\\db.js","statementMap":{"0":{"start":{"line":1,"column":16},"end":{"line":1,"column":44}},"1":{"start":{"line":2,"column":11},"end":{"line":2,"column":44}},"2":{"start":{"line":4,"column":0},"end":{"line":4,"column":20}}},"fnMap":{},"branchMap":{},"s":{"0":3,"1":3,"2":3},"f":{},"b":{},"_coverageSchema":"1a1c01bbd47fc00a2c39e90264f33305004495a9","hash":"58b963bd14c17d52c32f43f6212b9e42db17a986"}
,"C:\\Users\\ALEXANDRE\\Documents\\API\\API-Fil-rouge\\index.js": {"path":"C:\\Users\\ALEXANDRE\\Documents\\API\\API-Fil-rouge\\index.js","statementMap":{"0":{"start":{"line":1,"column":12},"end":{"line":1,"column":28}},"1":{"start":{"line":4,"column":0},"end":{"line":6,"column":3}},"2":{"start":{"line":5,"column":4},"end":{"line":5,"column":35}},"3":{"start":{"line":9,"column":0},"end":{"line":14,"column":1}},"4":{"start":{"line":10,"column":17},"end":{"line":10,"column":41}},"5":{"start":{"line":11,"column":4},"end":{"line":13,"column":7}},"6":{"start":{"line":12,"column":8},"end":{"line":12,"column":81}},"7":{"start":{"line":16,"column":0},"end":{"line":16,"column":21}}},"fnMap":{"0":{"name":"(anonymous_0)","decl":{"start":{"line":4,"column":13},"end":{"line":4,"column":14}},"loc":{"start":{"line":4,"column":27},"end":{"line":6,"column":1}},"line":4},"1":{"name":"(anonymous_1)","decl":{"start":{"line":11,"column":21},"end":{"line":11,"column":22}},"loc":{"start":{"line":11,"column":27},"end":{"line":13,"column":5}},"line":11}},"branchMap":{"0":{"loc":{"start":{"line":9,"column":0},"end":{"line":14,"column":1}},"type":"if","locations":[{"start":{"line":9,"column":0},"end":{"line":14,"column":1}},{"start":{},"end":{}}],"line":9},"1":{"loc":{"start":{"line":10,"column":17},"end":{"line":10,"column":41}},"type":"binary-expr","locations":[{"start":{"line":10,"column":17},"end":{"line":10,"column":33}},{"start":{"line":10,"column":37},"end":{"line":10,"column":41}}],"line":10}},"s":{"0":1,"1":1,"2":0,"3":1,"4":0,"5":0,"6":0,"7":1},"f":{"0":0,"1":0},"b":{"0":[0,1],"1":[0,0]},"_coverageSchema":"1a1c01bbd47fc00a2c39e90264f33305004495a9","hash":"e495ae2986b9e1af7b8b2193449609fc8caada9a"}
,"C:\\Users\\ALEXANDRE\\Documents\\API\\API-Fil-rouge\\users.js": {"path":"C:\\Users\\ALEXANDRE\\Documents\\API\\API-Fil-rouge\\users.js","statementMap":{"0":{"start":{"line":1,"column":11},"end":{"line":1,"column":26}},"1":{"start":{"line":2,"column":12},"end":{"line":2,"column":35}},"2":{"start":{"line":3,"column":25},"end":{"line":3,"column":63}},"3":{"start":{"line":7,"column":4},"end":{"line":14,"column":7}},"4":{"start":{"line":8,"column":8},"end":{"line":13,"column":11}},"5":{"start":{"line":9,"column":12},"end":{"line":12,"column":30}},"6":{"start":{"line":10,"column":16},"end":{"line":10,"column":28}},"7":{"start":{"line":12,"column":16},"end":{"line":12,"column":30}},"8":{"start":{"line":18,"column":2},"end":{"line":44,"column":3}},"9":{"start":{"line":19,"column":19},"end":{"line":19,"column":47}},"10":{"start":{"line":20,"column":4},"end":{"line":40,"column":7}},"11":{"start":{"line":22,"column":6},"end":{"line":39,"column":9}},"12":{"start":{"line":23,"column":8},"end":{"line":38,"column":9}},"13":{"start":{"line":24,"column":10},"end":{"line":24,"column":22}},"14":{"start":{"line":25,"column":15},"end":{"line":38,"column":9}},"15":{"start":{"line":26,"column":10},"end":{"line":26,"column":58}},"16":{"start":{"line":29,"column":10},"end":{"line":37,"column":12}},"17":{"start":{"line":33,"column":14},"end":{"line":34,"column":72}},"18":{"start":{"line":33,"column":23},"end":{"line":33,"column":35}},"19":{"start":{"line":34,"column":19},"end":{"line":34,"column":72}},"20":{"start":{"line":35,"column":14},"end":{"line":35,"column":59}},"21":{"start":{"line":42,"column":4},"end":{"line":42,"column":45}},"22":{"start":{"line":43,"column":4},"end":{"line":43,"column":67}},"23":{"start":{"line":49,"column":4},"end":{"line":56,"column":7}},"24":{"start":{"line":50,"column":8},"end":{"line":55,"column":11}},"25":{"start":{"line":51,"column":12},"end":{"line":54,"column":26}},"26":{"start":{"line":52,"column":16},"end":{"line":52,"column":28}},"27":{"start":{"line":54,"column":16},"end":{"line":54,"column":26}},"28":{"start":{"line":61,"column":4},"end":{"line":68,"column":7}},"29":{"start":{"line":62,"column":8},"end":{"line":67,"column":11}},"30":{"start":{"line":63,"column":12},"end":{"line":66,"column":26}},"31":{"start":{"line":64,"column":16},"end":{"line":64,"column":28}},"32":{"start":{"line":66,"column":16},"end":{"line":66,"column":26}},"33":{"start":{"line":71,"column":0},"end":{"line":76,"column":2}}},"fnMap":{"0":{"name":"getUsers","decl":{"start":{"line":6,"column":9},"end":{"line":6,"column":17}},"loc":{"start":{"line":6,"column":20},"end":{"line":15,"column":1}},"line":6},"1":{"name":"(anonymous_1)","decl":{"start":{"line":7,"column":23},"end":{"line":7,"column":24}},"loc":{"start":{"line":7,"column":44},"end":{"line":14,"column":5}},"line":7},"2":{"name":"(anonymous_2)","decl":{"start":{"line":8,"column":38},"end":{"line":8,"column":39}},"loc":{"start":{"line":8,"column":53},"end":{"line":13,"column":9}},"line":8},"3":{"name":"createUsers","decl":{"start":{"line":17,"column":15},"end":{"line":17,"column":26}},"loc":{"start":{"line":17,"column":49},"end":{"line":45,"column":1}},"line":17},"4":{"name":"(anonymous_4)","decl":{"start":{"line":20,"column":23},"end":{"line":20,"column":24}},"loc":{"start":{"line":20,"column":44},"end":{"line":40,"column":5}},"line":20},"5":{"name":"(anonymous_5)","decl":{"start":{"line":22,"column":61},"end":{"line":22,"column":62}},"loc":{"start":{"line":22,"column":75},"end":{"line":39,"column":7}},"line":22},"6":{"name":"(anonymous_6)","decl":{"start":{"line":32,"column":12},"end":{"line":32,"column":13}},"loc":{"start":{"line":32,"column":21},"end":{"line":36,"column":13}},"line":32},"7":{"name":"updateUsers","decl":{"start":{"line":48,"column":9},"end":{"line":48,"column":20}},"loc":{"start":{"line":48,"column":37},"end":{"line":57,"column":1}},"line":48},"8":{"name":"(anonymous_8)","decl":{"start":{"line":49,"column":23},"end":{"line":49,"column":24}},"loc":{"start":{"line":49,"column":44},"end":{"line":56,"column":5}},"line":49},"9":{"name":"(anonymous_9)","decl":{"start":{"line":50,"column":91},"end":{"line":50,"column":92}},"loc":{"start":{"line":50,"column":100},"end":{"line":55,"column":9}},"line":50},"10":{"name":"deleteUsers","decl":{"start":{"line":60,"column":9},"end":{"line":60,"column":20}},"loc":{"start":{"line":60,"column":25},"end":{"line":69,"column":1}},"line":60},"11":{"name":"(anonymous_11)","decl":{"start":{"line":61,"column":23},"end":{"line":61,"column":24}},"loc":{"start":{"line":61,"column":44},"end":{"line":68,"column":5}},"line":61},"12":{"name":"(anonymous_12)","decl":{"start":{"line":62,"column":55},"end":{"line":62,"column":56}},"loc":{"start":{"line":62,"column":64},"end":{"line":67,"column":9}},"line":62}},"branchMap":{"0":{"loc":{"start":{"line":9,"column":12},"end":{"line":12,"column":30}},"type":"if","locations":[{"start":{"line":9,"column":12},"end":{"line":12,"column":30}},{"start":{"line":12,"column":16},"end":{"line":12,"column":30}}],"line":9},"1":{"loc":{"start":{"line":23,"column":8},"end":{"line":38,"column":9}},"type":"if","locations":[{"start":{"line":23,"column":8},"end":{"line":38,"column":9}},{"start":{"line":25,"column":15},"end":{"line":38,"column":9}}],"line":23},"2":{"loc":{"start":{"line":25,"column":15},"end":{"line":38,"column":9}},"type":"if","locations":[{"start":{"line":25,"column":15},"end":{"line":38,"column":9}},{"start":{"line":27,"column":15},"end":{"line":38,"column":9}}],"line":25},"3":{"loc":{"start":{"line":33,"column":14},"end":{"line":34,"column":72}},"type":"if","locations":[{"start":{"line":33,"column":14},"end":{"line":34,"column":72}},{"start":{"line":34,"column":19},"end":{"line":34,"column":72}}],"line":33},"4":{"loc":{"start":{"line":51,"column":12},"end":{"line":54,"column":26}},"type":"if","locations":[{"start":{"line":51,"column":12},"end":{"line":54,"column":26}},{"start":{"line":54,"column":16},"end":{"line":54,"column":26}}],"line":51},"5":{"loc":{"start":{"line":63,"column":12},"end":{"line":66,"column":26}},"type":"if","locations":[{"start":{"line":63,"column":12},"end":{"line":66,"column":26}},{"start":{"line":66,"column":16},"end":{"line":66,"column":26}}],"line":63}},"s":{"0":4,"1":4,"2":4,"3":2,"4":2,"5":2,"6":0,"7":2,"8":3,"9":3,"10":3,"11":3,"12":3,"13":0,"14":3,"15":1,"16":2,"17":2,"18":0,"19":2,"20":2,"21":0,"22":0,"23":0,"24":0,"25":0,"26":0,"27":0,"28":0,"29":0,"30":0,"31":0,"32":0,"33":4},"f":{"0":2,"1":2,"2":2,"3":3,"4":3,"5":3,"6":2,"7":0,"8":0,"9":0,"10":0,"11":0,"12":0},"b":{"0":[0,2],"1":[0,3],"2":[1,2],"3":[0,2],"4":[0,0],"5":[0,0]},"_coverageSchema":"1a1c01bbd47fc00a2c39e90264f33305004495a9","hash":"c7a9e057cab09261e7dc7b32c8de13983061bcfd"}
,"C:\\Users\\ALEXANDRE\\Documents\\API\\API-Fil-rouge\\AccessToken\\JWTutile.js": {"path":"C:\\Users\\ALEXANDRE\\Documents\\API\\API-Fil-rouge\\AccessToken\\JWTutile.js","statementMap":{"0":{"start":{"line":1,"column":12},"end":{"line":1,"column":35}},"1":{"start":{"line":2,"column":0},"end":{"line":2,"column":27}},"2":{"start":{"line":6,"column":4},"end":{"line":11,"column":5}},"3":{"start":{"line":7,"column":22},"end":{"line":7,"column":78}},"4":{"start":{"line":8,"column":8},"end":{"line":8,"column":21}},"5":{"start":{"line":10,"column":8},"end":{"line":10,"column":63}},"6":{"start":{"line":16,"column":4},"end":{"line":21,"column":5}},"7":{"start":{"line":17,"column":24},"end":{"line":17,"column":65}},"8":{"start":{"line":18,"column":8},"end":{"line":18,"column":23}},"9":{"start":{"line":20,"column":8},"end":{"line":20,"column":52}},"10":{"start":{"line":26,"column":4},"end":{"line":31,"column":5}},"11":{"start":{"line":27,"column":24},"end":{"line":27,"column":41}},"12":{"start":{"line":28,"column":8},"end":{"line":28,"column":23}},"13":{"start":{"line":30,"column":8},"end":{"line":30,"column":60}},"14":{"start":{"line":34,"column":0},"end":{"line":38,"column":2}}},"fnMap":{"0":{"name":"createToken","decl":{"start":{"line":5,"column":9},"end":{"line":5,"column":20}},"loc":{"start":{"line":5,"column":48},"end":{"line":12,"column":1}},"line":5},"1":{"name":"verifyToken","decl":{"start":{"line":15,"column":9},"end":{"line":15,"column":20}},"loc":{"start":{"line":15,"column":28},"end":{"line":22,"column":1}},"line":15},"2":{"name":"decodeToken","decl":{"start":{"line":25,"column":9},"end":{"line":25,"column":20}},"loc":{"start":{"line":25,"column":28},"end":{"line":32,"column":1}},"line":25}},"branchMap":{"0":{"loc":{"start":{"line":5,"column":30},"end":{"line":5,"column":46}},"type":"default-arg","locations":[{"start":{"line":5,"column":42},"end":{"line":5,"column":46}}],"line":5}},"s":{"0":5,"1":5,"2":5,"3":5,"4":5,"5":0,"6":0,"7":0,"8":0,"9":0,"10":0,"11":0,"12":0,"13":0,"14":5},"f":{"0":5,"1":0,"2":0},"b":{"0":[5]},"_coverageSchema":"1a1c01bbd47fc00a2c39e90264f33305004495a9","hash":"e6c56f157a43429a01731f1c47d9a2e37987fdd4"}
,"C:\\Users\\ALEXANDRE\\Documents\\API\\API-Fil-rouge\\AccessToken\\login.js": {"path":"C:\\Users\\ALEXANDRE\\Documents\\API\\API-Fil-rouge\\AccessToken\\login.js","statementMap":{"0":{"start":{"line":1,"column":11},"end":{"line":1,"column":27}},"1":{"start":{"line":2,"column":28},"end":{"line":2,"column":54}},"2":{"start":{"line":3,"column":24},"end":{"line":3,"column":45}},"3":{"start":{"line":4,"column":51},"end":{"line":4,"column":76}},"4":{"start":{"line":8,"column":4},"end":{"line":53,"column":5}},"5":{"start":{"line":10,"column":36},"end":{"line":10,"column":44}},"6":{"start":{"line":12,"column":8},"end":{"line":14,"column":9}},"7":{"start":{"line":13,"column":12},"end":{"line":13,"column":83}},"8":{"start":{"line":16,"column":21},"end":{"line":16,"column":48}},"9":{"start":{"line":17,"column":8},"end":{"line":19,"column":9}},"10":{"start":{"line":18,"column":12},"end":{"line":18,"column":78}},"11":{"start":{"line":21,"column":32},"end":{"line":21,"column":78}},"12":{"start":{"line":22,"column":8},"end":{"line":24,"column":9}},"13":{"start":{"line":23,"column":12},"end":{"line":23,"column":77}},"14":{"start":{"line":26,"column":24},"end":{"line":26,"column":73}},"15":{"start":{"line":27,"column":28},"end":{"line":27,"column":48}},"16":{"start":{"line":29,"column":29},"end":{"line":29,"column":55}},"17":{"start":{"line":30,"column":8},"end":{"line":30,"column":77}},"18":{"start":{"line":33,"column":8},"end":{"line":38,"column":11}},"19":{"start":{"line":41,"column":8},"end":{"line":49,"column":11}},"20":{"start":{"line":51,"column":8},"end":{"line":51,"column":48}},"21":{"start":{"line":52,"column":8},"end":{"line":52,"column":60}},"22":{"start":{"line":58,"column":4},"end":{"line":63,"column":7}},"23":{"start":{"line":59,"column":8},"end":{"line":62,"column":11}},"24":{"start":{"line":60,"column":12},"end":{"line":61,"column":30}},"25":{"start":{"line":60,"column":21},"end":{"line":60,"column":33}},"26":{"start":{"line":61,"column":17},"end":{"line":61,"column":30}},"27":{"start":{"line":66,"column":0},"end":{"line":68,"column":2}}},"fnMap":{"0":{"name":"loginUser","decl":{"start":{"line":7,"column":15},"end":{"line":7,"column":24}},"loc":{"start":{"line":7,"column":35},"end":{"line":54,"column":1}},"line":7},"1":{"name":"getUserByEmail","decl":{"start":{"line":57,"column":9},"end":{"line":57,"column":23}},"loc":{"start":{"line":57,"column":31},"end":{"line":64,"column":1}},"line":57},"2":{"name":"(anonymous_2)","decl":{"start":{"line":58,"column":23},"end":{"line":58,"column":24}},"loc":{"start":{"line":58,"column":44},"end":{"line":63,"column":5}},"line":58},"3":{"name":"(anonymous_3)","decl":{"start":{"line":59,"column":63},"end":{"line":59,"column":64}},"loc":{"start":{"line":59,"column":77},"end":{"line":62,"column":9}},"line":59}},"branchMap":{"0":{"loc":{"start":{"line":12,"column":8},"end":{"line":14,"column":9}},"type":"if","locations":[{"start":{"line":12,"column":8},"end":{"line":14,"column":9}},{"start":{},"end":{}}],"line":12},"1":{"loc":{"start":{"line":12,"column":12},"end":{"line":12,"column":31}},"type":"binary-expr","locations":[{"start":{"line":12,"column":12},"end":{"line":12,"column":18}},{"start":{"line":12,"column":22},"end":{"line":12,"column":31}}],"line":12},"2":{"loc":{"start":{"line":17,"column":8},"end":{"line":19,"column":9}},"type":"if","locations":[{"start":{"line":17,"column":8},"end":{"line":19,"column":9}},{"start":{},"end":{}}],"line":17},"3":{"loc":{"start":{"line":22,"column":8},"end":{"line":24,"column":9}},"type":"if","locations":[{"start":{"line":22,"column":8},"end":{"line":24,"column":9}},{"start":{},"end":{}}],"line":22},"4":{"loc":{"start":{"line":60,"column":12},"end":{"line":61,"column":30}},"type":"if","locations":[{"start":{"line":60,"column":12},"end":{"line":61,"column":30}},{"start":{"line":61,"column":17},"end":{"line":61,"column":30}}],"line":60}},"s":{"0":4,"1":4,"2":4,"3":4,"4":6,"5":6,"6":6,"7":0,"8":6,"9":3,"10":0,"11":3,"12":3,"13":0,"14":3,"15":3,"16":3,"17":3,"18":3,"19":3,"20":0,"21":0,"22":6,"23":6,"24":3,"25":0,"26":3,"27":4},"f":{"0":6,"1":6,"2":6,"3":3},"b":{"0":[0,6],"1":[6,6],"2":[0,3],"3":[0,3],"4":[0,3]},"_coverageSchema":"1a1c01bbd47fc00a2c39e90264f33305004495a9","hash":"c9f5c1accfcb7cbfcb689cf5be985c86295e03c3"}
,"C:\\Users\\ALEXANDRE\\Documents\\API\\API-Fil-rouge\\AccessToken\\passwordUtile.js": {"path":"C:\\Users\\ALEXANDRE\\Documents\\API\\API-Fil-rouge\\AccessToken\\passwordUtile.js","statementMap":{"0":{"start":{"line":1,"column":15},"end":{"line":1,"column":32}},"1":{"start":{"line":6,"column":22},"end":{"line":6,"column":23}},"2":{"start":{"line":7,"column":25},"end":{"line":7,"column":47}},"3":{"start":{"line":8,"column":25},"end":{"line":8,"column":47}},"4":{"start":{"line":9,"column":22},"end":{"line":9,"column":44}},"5":{"start":{"line":10,"column":27},"end":{"line":10,"column":56}},"6":{"start":{"line":12,"column":4},"end":{"line":13,"column":108}},"7":{"start":{"line":13,"column":8},"end":{"line":13,"column":108}},"8":{"start":{"line":14,"column":4},"end":{"line":15,"column":98}},"9":{"start":{"line":15,"column":8},"end":{"line":15,"column":98}},"10":{"start":{"line":16,"column":4},"end":{"line":17,"column":98}},"11":{"start":{"line":17,"column":8},"end":{"line":17,"column":98}},"12":{"start":{"line":18,"column":4},"end":{"line":19,"column":95}},"13":{"start":{"line":19,"column":8},"end":{"line":19,"column":95}},"14":{"start":{"line":20,"column":4},"end":{"line":21,"column":105}},"15":{"start":{"line":21,"column":8},"end":{"line":21,"column":105}},"16":{"start":{"line":23,"column":4},"end":{"line":23,"column":59}},"17":{"start":{"line":28,"column":23},"end":{"line":28,"column":24}},"18":{"start":{"line":29,"column":4},"end":{"line":34,"column":5}},"19":{"start":{"line":30,"column":21},"end":{"line":30,"column":60}},"20":{"start":{"line":31,"column":8},"end":{"line":31,"column":20}},"21":{"start":{"line":33,"column":8},"end":{"line":33,"column":63}},"22":{"start":{"line":39,"column":4},"end":{"line":44,"column":5}},"23":{"start":{"line":40,"column":22},"end":{"line":40,"column":58}},"24":{"start":{"line":41,"column":8},"end":{"line":41,"column":21}},"25":{"start":{"line":43,"column":8},"end":{"line":43,"column":73}},"26":{"start":{"line":47,"column":0},"end":{"line":51,"column":2}}},"fnMap":{"0":{"name":"verifyPasswordPolicy","decl":{"start":{"line":4,"column":9},"end":{"line":4,"column":29}},"loc":{"start":{"line":4,"column":40},"end":{"line":24,"column":1}},"line":4},"1":{"name":"hashPassword","decl":{"start":{"line":27,"column":15},"end":{"line":27,"column":27}},"loc":{"start":{"line":27,"column":38},"end":{"line":35,"column":1}},"line":27},"2":{"name":"comparePassword","decl":{"start":{"line":38,"column":15},"end":{"line":38,"column":30}},"loc":{"start":{"line":38,"column":47},"end":{"line":45,"column":1}},"line":38}},"branchMap":{"0":{"loc":{"start":{"line":12,"column":4},"end":{"line":13,"column":108}},"type":"if","locations":[{"start":{"line":12,"column":4},"end":{"line":13,"column":108}},{"start":{},"end":{}}],"line":12},"1":{"loc":{"start":{"line":14,"column":4},"end":{"line":15,"column":98}},"type":"if","locations":[{"start":{"line":14,"column":4},"end":{"line":15,"column":98}},{"start":{},"end":{}}],"line":14},"2":{"loc":{"start":{"line":16,"column":4},"end":{"line":17,"column":98}},"type":"if","locations":[{"start":{"line":16,"column":4},"end":{"line":17,"column":98}},{"start":{},"end":{}}],"line":16},"3":{"loc":{"start":{"line":18,"column":4},"end":{"line":19,"column":95}},"type":"if","locations":[{"start":{"line":18,"column":4},"end":{"line":19,"column":95}},{"start":{},"end":{}}],"line":18},"4":{"loc":{"start":{"line":20,"column":4},"end":{"line":21,"column":105}},"type":"if","locations":[{"start":{"line":20,"column":4},"end":{"line":21,"column":105}},{"start":{},"end":{}}],"line":20}},"s":{"0":6,"1":4,"2":4,"3":4,"4":4,"5":4,"6":4,"7":1,"8":3,"9":0,"10":3,"11":0,"12":3,"13":0,"14":3,"15":0,"16":3,"17":4,"18":4,"19":4,"20":4,"21":0,"22":4,"23":4,"24":4,"25":0,"26":6},"f":{"0":4,"1":4,"2":4},"b":{"0":[1,3],"1":[0,3],"2":[0,3],"3":[0,3],"4":[0,3]},"_coverageSchema":"1a1c01bbd47fc00a2c39e90264f33305004495a9","hash":"4358a699d3573c6087b79d5709ab73a8b228f610"}
,"C:\\Users\\ALEXANDRE\\Documents\\API\\API-Fil-rouge\\AccessToken\\refreshToken.js": {"path":"C:\\Users\\ALEXANDRE\\Documents\\API\\API-Fil-rouge\\AccessToken\\refreshToken.js","statementMap":{"0":{"start":{"line":1,"column":15},"end":{"line":1,"column":32}},"1":{"start":{"line":2,"column":12},"end":{"line":2,"column":35}},"2":{"start":{"line":3,"column":0},"end":{"line":3,"column":27}},"3":{"start":{"line":4,"column":11},"end":{"line":4,"column":27}},"4":{"start":{"line":5,"column":15},"end":{"line":5,"column":32}},"5":{"start":{"line":9,"column":18},"end":{"line":9,"column":52}},"6":{"start":{"line":10,"column":16},"end":{"line":10,"column":82}},"7":{"start":{"line":11,"column":2},"end":{"line":11,"column":15}},"8":{"start":{"line":16,"column":20},"end":{"line":16,"column":55}},"9":{"start":{"line":17,"column":20},"end":{"line":17,"column":75}},"10":{"start":{"line":18,"column":2},"end":{"line":28,"column":5}},"11":{"start":{"line":19,"column":4},"end":{"line":27,"column":6}},"12":{"start":{"line":24,"column":8},"end":{"line":25,"column":79}},"13":{"start":{"line":24,"column":17},"end":{"line":24,"column":29}},"14":{"start":{"line":25,"column":13},"end":{"line":25,"column":79}},"15":{"start":{"line":33,"column":2},"end":{"line":38,"column":3}},"16":{"start":{"line":34,"column":20},"end":{"line":34,"column":65}},"17":{"start":{"line":35,"column":4},"end":{"line":35,"column":19}},"18":{"start":{"line":37,"column":4},"end":{"line":37,"column":56}},"19":{"start":{"line":43,"column":2},"end":{"line":52,"column":5}},"20":{"start":{"line":44,"column":4},"end":{"line":51,"column":6}},"21":{"start":{"line":48,"column":8},"end":{"line":49,"column":59}},"22":{"start":{"line":48,"column":17},"end":{"line":48,"column":29}},"23":{"start":{"line":49,"column":13},"end":{"line":49,"column":59}},"24":{"start":{"line":57,"column":2},"end":{"line":66,"column":5}},"25":{"start":{"line":58,"column":4},"end":{"line":65,"column":6}},"26":{"start":{"line":62,"column":8},"end":{"line":63,"column":59}},"27":{"start":{"line":62,"column":17},"end":{"line":62,"column":29}},"28":{"start":{"line":63,"column":13},"end":{"line":63,"column":59}},"29":{"start":{"line":70,"column":2},"end":{"line":79,"column":5}},"30":{"start":{"line":71,"column":4},"end":{"line":78,"column":6}},"31":{"start":{"line":75,"column":8},"end":{"line":76,"column":68}},"32":{"start":{"line":75,"column":17},"end":{"line":75,"column":29}},"33":{"start":{"line":76,"column":13},"end":{"line":76,"column":68}},"34":{"start":{"line":83,"column":0},"end":{"line":90,"column":2}}},"fnMap":{"0":{"name":"generateRefreshToken","decl":{"start":{"line":8,"column":9},"end":{"line":8,"column":29}},"loc":{"start":{"line":8,"column":36},"end":{"line":12,"column":1}},"line":8},"1":{"name":"saveRefreshToken","decl":{"start":{"line":15,"column":15},"end":{"line":15,"column":31}},"loc":{"start":{"line":15,"column":73},"end":{"line":29,"column":1}},"line":15},"2":{"name":"(anonymous_2)","decl":{"start":{"line":18,"column":21},"end":{"line":18,"column":22}},"loc":{"start":{"line":18,"column":42},"end":{"line":28,"column":3}},"line":18},"3":{"name":"(anonymous_3)","decl":{"start":{"line":23,"column":6},"end":{"line":23,"column":7}},"loc":{"start":{"line":23,"column":21},"end":{"line":26,"column":7}},"line":23},"4":{"name":"verifyRefreshToken","decl":{"start":{"line":32,"column":15},"end":{"line":32,"column":33}},"loc":{"start":{"line":32,"column":41},"end":{"line":39,"column":1}},"line":32},"5":{"name":"revokeRefreshToken","decl":{"start":{"line":42,"column":15},"end":{"line":42,"column":33}},"loc":{"start":{"line":42,"column":48},"end":{"line":53,"column":1}},"line":42},"6":{"name":"(anonymous_6)","decl":{"start":{"line":43,"column":21},"end":{"line":43,"column":22}},"loc":{"start":{"line":43,"column":42},"end":{"line":52,"column":3}},"line":43},"7":{"name":"(anonymous_7)","decl":{"start":{"line":47,"column":6},"end":{"line":47,"column":7}},"loc":{"start":{"line":47,"column":21},"end":{"line":50,"column":7}},"line":47},"8":{"name":"logoutUser","decl":{"start":{"line":56,"column":15},"end":{"line":56,"column":25}},"loc":{"start":{"line":56,"column":48},"end":{"line":67,"column":1}},"line":56},"9":{"name":"(anonymous_9)","decl":{"start":{"line":57,"column":21},"end":{"line":57,"column":22}},"loc":{"start":{"line":57,"column":42},"end":{"line":66,"column":3}},"line":57},"10":{"name":"(anonymous_10)","decl":{"start":{"line":61,"column":6},"end":{"line":61,"column":7}},"loc":{"start":{"line":61,"column":21},"end":{"line":64,"column":7}},"line":61},"11":{"name":"revokeRefreshTokenByUserId","decl":{"start":{"line":69,"column":15},"end":{"line":69,"column":41}},"loc":{"start":{"line":69,"column":50},"end":{"line":80,"column":1}},"line":69},"12":{"name":"(anonymous_12)","decl":{"start":{"line":70,"column":21},"end":{"line":70,"column":22}},"loc":{"start":{"line":70,"column":42},"end":{"line":79,"column":3}},"line":70},"13":{"name":"(anonymous_13)","decl":{"start":{"line":74,"column":6},"end":{"line":74,"column":7}},"loc":{"start":{"line":74,"column":21},"end":{"line":77,"column":7}},"line":74}},"branchMap":{"0":{"loc":{"start":{"line":15,"column":54},"end":{"line":15,"column":71}},"type":"default-arg","locations":[{"start":{"line":15,"column":67},"end":{"line":15,"column":71}}],"line":15},"1":{"loc":{"start":{"line":24,"column":8},"end":{"line":25,"column":79}},"type":"if","locations":[{"start":{"line":24,"column":8},"end":{"line":25,"column":79}},{"start":{"line":25,"column":13},"end":{"line":25,"column":79}}],"line":24},"2":{"loc":{"start":{"line":48,"column":8},"end":{"line":49,"column":59}},"type":"if","locations":[{"start":{"line":48,"column":8},"end":{"line":49,"column":59}},{"start":{"line":49,"column":13},"end":{"line":49,"column":59}}],"line":48},"3":{"loc":{"start":{"line":62,"column":8},"end":{"line":63,"column":59}},"type":"if","locations":[{"start":{"line":62,"column":8},"end":{"line":63,"column":59}},{"start":{"line":63,"column":13},"end":{"line":63,"column":59}}],"line":62},"4":{"loc":{"start":{"line":75,"column":8},"end":{"line":76,"column":68}},"type":"if","locations":[{"start":{"line":75,"column":8},"end":{"line":76,"column":68}},{"start":{"line":76,"column":13},"end":{"line":76,"column":68}}],"line":75}},"s":{"0":4,"1":4,"2":4,"3":4,"4":4,"5":3,"6":3,"7":3,"8":3,"9":3,"10":3,"11":3,"12":3,"13":0,"14":3,"15":0,"16":0,"17":0,"18":0,"19":0,"20":0,"21":0,"22":0,"23":0,"24":0,"25":0,"26":0,"27":0,"28":0,"29":1,"30":1,"31":1,"32":0,"33":1,"34":4},"f":{"0":3,"1":3,"2":3,"3":3,"4":0,"5":0,"6":0,"7":0,"8":0,"9":0,"10":0,"11":1,"12":1,"13":1},"b":{"0":[0],"1":[0,3],"2":[0,0],"3":[0,0],"4":[0,1]},"_coverageSchema":"1a1c01bbd47fc00a2c39e90264f33305004495a9","hash":"88ff9fb00953db8c0ffe7dea67cf26dcbbdc1026"}
,"C:\\Users\\ALEXANDRE\\Documents\\API\\API-Fil-rouge\\middleware\\verifyToken.js": {"path":"C:\\Users\\ALEXANDRE\\Documents\\API\\API-Fil-rouge\\middleware\\verifyToken.js","statementMap":{"0":{"start":{"line":3,"column":12},"end":{"line":3,"column":35}},"1":{"start":{"line":6,"column":21},"end":{"line":6,"column":49}},"2":{"start":{"line":7,"column":16},"end":{"line":7,"column":54}},"3":{"start":{"line":9,"column":2},"end":{"line":9,"column":58}},"4":{"start":{"line":9,"column":14},"end":{"line":9,"column":58}},"5":{"start":{"line":11,"column":2},"end":{"line":16,"column":5}},"6":{"start":{"line":12,"column":4},"end":{"line":12,"column":59}},"7":{"start":{"line":12,"column":13},"end":{"line":12,"column":59}},"8":{"start":{"line":14,"column":4},"end":{"line":14,"column":20}},"9":{"start":{"line":15,"column":4},"end":{"line":15,"column":11}},"10":{"start":{"line":19,"column":0},"end":{"line":19,"column":29}}},"fnMap":{"0":{"name":"verifyToken","decl":{"start":{"line":5,"column":9},"end":{"line":5,"column":20}},"loc":{"start":{"line":5,"column":37},"end":{"line":17,"column":1}},"line":5},"1":{"name":"(anonymous_1)","decl":{"start":{"line":11,"column":44},"end":{"line":11,"column":45}},"loc":{"start":{"line":11,"column":59},"end":{"line":16,"column":3}},"line":11}},"branchMap":{"0":{"loc":{"start":{"line":7,"column":16},"end":{"line":7,"column":54}},"type":"binary-expr","locations":[{"start":{"line":7,"column":16},"end":{"line":7,"column":26}},{"start":{"line":7,"column":30},"end":{"line":7,"column":54}}],"line":7},"1":{"loc":{"start":{"line":9,"column":2},"end":{"line":9,"column":58}},"type":"if","locations":[{"start":{"line":9,"column":2},"end":{"line":9,"column":58}},{"start":{},"end":{}}],"line":9},"2":{"loc":{"start":{"line":12,"column":4},"end":{"line":12,"column":59}},"type":"if","locations":[{"start":{"line":12,"column":4},"end":{"line":12,"column":59}},{"start":{},"end":{}}],"line":12}},"s":{"0":4,"1":3,"2":3,"3":3,"4":1,"5":2,"6":2,"7":0,"8":2,"9":2,"10":4},"f":{"0":3,"1":2},"b":{"0":[3,2],"1":[1,2],"2":[0,2]},"_coverageSchema":"1a1c01bbd47fc00a2c39e90264f33305004495a9","hash":"de7f900a203d21b794b633e5afea5a421af9c42a"}
,"C:\\Users\\ALEXANDRE\\Documents\\API\\API-Fil-rouge\\utils\\cache.js": {"path":"C:\\Users\\ALEXANDRE\\Documents\\API\\API-Fil-rouge\\utils\\cache.js","statementMap":{"0":{"start":{"line":2,"column":14},"end":{"line":2,"column":23}},"1":{"start":{"line":11,"column":20},"end":{"line":11,"column":36}},"2":{"start":{"line":12,"column":2},"end":{"line":12,"column":39}},"3":{"start":{"line":21,"column":17},"end":{"line":21,"column":31}},"4":{"start":{"line":22,"column":2},"end":{"line":22,"column":27}},"5":{"start":{"line":22,"column":15},"end":{"line":22,"column":27}},"6":{"start":{"line":23,"column":2},"end":{"line":26,"column":3}},"7":{"start":{"line":24,"column":4},"end":{"line":24,"column":22}},"8":{"start":{"line":25,"column":4},"end":{"line":25,"column":16}},"9":{"start":{"line":27,"column":2},"end":{"line":27,"column":22}},"10":{"start":{"line":32,"column":2},"end":{"line":32,"column":20}},"11":{"start":{"line":37,"column":2},"end":{"line":37,"column":16}},"12":{"start":{"line":40,"column":0},"end":{"line":40,"column":65}}},"fnMap":{"0":{"name":"setCache","decl":{"start":{"line":10,"column":9},"end":{"line":10,"column":17}},"loc":{"start":{"line":10,"column":47},"end":{"line":13,"column":1}},"line":10},"1":{"name":"getCache","decl":{"start":{"line":20,"column":9},"end":{"line":20,"column":17}},"loc":{"start":{"line":20,"column":23},"end":{"line":28,"column":1}},"line":20},"2":{"name":"deleteCache","decl":{"start":{"line":31,"column":9},"end":{"line":31,"column":20}},"loc":{"start":{"line":31,"column":26},"end":{"line":33,"column":1}},"line":31},"3":{"name":"clearCache","decl":{"start":{"line":36,"column":9},"end":{"line":36,"column":19}},"loc":{"start":{"line":36,"column":22},"end":{"line":38,"column":1}},"line":36}},"branchMap":{"0":{"loc":{"start":{"line":10,"column":30},"end":{"line":10,"column":45}},"type":"default-arg","locations":[{"start":{"line":10,"column":36},"end":{"line":10,"column":45}}],"line":10},"1":{"loc":{"start":{"line":22,"column":2},"end":{"line":22,"column":27}},"type":"if","locations":[{"start":{"line":22,"column":2},"end":{"line":22,"column":27}},{"start":{},"end":{}}],"line":22},"2":{"loc":{"start":{"line":23,"column":2},"end":{"line":26,"column":3}},"type":"if","locations":[{"start":{"line":23,"column":2},"end":{"line":26,"column":3}},{"start":{},"end":{}}],"line":23}},"s":{"0":4,"1":2,"2":2,"3":2,"4":2,"5":0,"6":2,"7":1,"8":1,"9":1,"10":0,"11":2,"12":4},"f":{"0":2,"1":2,"2":0,"3":2},"b":{"0":[0],"1":[0,2],"2":[1,1]},"_coverageSchema":"1a1c01bbd47fc00a2c39e90264f33305004495a9","hash":"75dccf78bd164d981d4ce0f9c502751905c7954f"}
}
