TN:
SF:app.js
FN:28,(anonymous_0)
FN:48,(anonymous_1)
FN:56,(anonymous_2)
FN:64,(anonymous_3)
FN:70,(anonymous_4)
FN:75,(anonymous_5)
FN:109,(anonymous_6)
FN:129,(anonymous_7)
FN:152,(anonymous_8)
FN:162,(anonymous_9)
FN:171,(anonymous_10)
FN:172,(anonymous_11)
FN:190,(anonymous_12)
FN:191,(anonymous_13)
FNF:14
FNH:4
FNDA:0,(anonymous_0)
FNDA:0,(anonymous_1)
FNDA:0,(anonymous_2)
FNDA:0,(anonymous_3)
FNDA:3,(anonymous_4)
FNDA:1,(anonymous_5)
FNDA:2,(anonymous_6)
FNDA:1,(anonymous_7)
FNDA:0,(anonymous_8)
FNDA:0,(anonymous_9)
FNDA:0,(anonymous_10)
FNDA:0,(anonymous_11)
FNDA:0,(anonymous_12)
FNDA:0,(anonymous_13)
DA:1,3
DA:2,3
DA:3,3
DA:4,3
DA:5,3
DA:6,3
DA:7,3
DA:8,3
DA:9,3
DA:10,3
DA:11,3
DA:12,3
DA:13,3
DA:14,3
DA:15,3
DA:16,3
DA:18,3
DA:19,3
DA:21,3
DA:22,3
DA:23,3
DA:25,3
DA:28,3
DA:29,0
DA:31,0
DA:32,0
DA:33,0
DA:34,0
DA:37,0
DA:38,0
DA:40,0
DA:41,0
DA:43,0
DA:48,3
DA:49,0
DA:50,0
DA:51,0
DA:52,0
DA:56,3
DA:57,0
DA:58,0
DA:59,0
DA:60,0
DA:64,3
DA:65,0
DA:66,0
DA:70,3
DA:71,3
DA:75,3
DA:76,1
DA:78,1
DA:80,1
DA:81,0
DA:85,1
DA:87,1
DA:92,1
DA:94,0
DA:95,0
DA:109,3
DA:110,2
DA:111,2
DA:112,2
DA:113,0
DA:116,2
DA:117,2
DA:118,0
DA:121,2
DA:122,1
DA:124,1
DA:129,3
DA:130,1
DA:131,1
DA:132,1
DA:133,0
DA:136,1
DA:138,1
DA:142,1
DA:147,0
DA:152,3
DA:153,0
DA:154,0
DA:155,0
DA:156,0
DA:158,0
DA:162,3
DA:163,0
DA:164,0
DA:165,0
DA:167,0
DA:168,0
DA:171,0
DA:172,0
DA:173,0
DA:174,0
DA:177,0
DA:179,0
DA:180,0
DA:181,0
DA:184,0
DA:185,0
DA:186,0
DA:189,0
DA:190,0
DA:191,0
DA:192,0
DA:193,0
DA:196,0
DA:198,0
DA:202,3
LF:109
LH:54
BRDA:32,0,0,0
BRDA:32,0,1,0
BRDA:80,1,0,0
BRDA:80,1,1,1
BRDA:112,2,0,0
BRDA:112,2,1,2
BRDA:112,3,0,2
BRDA:112,3,1,2
BRDA:112,3,2,2
BRDA:117,4,0,0
BRDA:117,4,1,2
BRDA:132,5,0,0
BRDA:132,5,1,1
BRDA:167,6,0,0
BRDA:167,6,1,0
BRDA:167,7,0,0
BRDA:167,7,1,0
BRDA:173,8,0,0
BRDA:173,8,1,0
BRDA:177,9,0,0
BRDA:177,9,1,0
BRDA:180,10,0,0
BRDA:180,10,1,0
BRDA:185,11,0,0
BRDA:185,11,1,0
BRDA:192,12,0,0
BRDA:192,12,1,0
BRF:27
BRH:7
end_of_record
TN:
SF:db.js
FNF:0
FNH:0
DA:1,3
DA:2,3
DA:4,3
LF:3
LH:3
BRF:0
BRH:0
end_of_record
TN:
SF:index.js
FN:4,(anonymous_0)
FN:11,(anonymous_1)
FNF:2
FNH:0
FNDA:0,(anonymous_0)
FNDA:0,(anonymous_1)
DA:1,1
DA:4,1
DA:5,0
DA:9,1
DA:10,0
DA:11,0
DA:12,0
DA:16,1
LF:8
LH:4
BRDA:9,0,0,0
BRDA:9,0,1,1
BRDA:10,1,0,0
BRDA:10,1,1,0
BRF:4
BRH:1
end_of_record
TN:
SF:users.js
FN:6,getUsers
FN:7,(anonymous_1)
FN:8,(anonymous_2)
FN:17,createUsers
FN:20,(anonymous_4)
FN:22,(anonymous_5)
FN:32,(anonymous_6)
FN:48,updateUsers
FN:49,(anonymous_8)
FN:50,(anonymous_9)
FN:60,deleteUsers
FN:61,(anonymous_11)
FN:62,(anonymous_12)
FNF:13
FNH:7
FNDA:2,getUsers
FNDA:2,(anonymous_1)
FNDA:2,(anonymous_2)
FNDA:3,createUsers
FNDA:3,(anonymous_4)
FNDA:3,(anonymous_5)
FNDA:2,(anonymous_6)
FNDA:0,updateUsers
FNDA:0,(anonymous_8)
FNDA:0,(anonymous_9)
FNDA:0,deleteUsers
FNDA:0,(anonymous_11)
FNDA:0,(anonymous_12)
DA:1,4
DA:2,4
DA:3,4
DA:7,2
DA:8,2
DA:9,2
DA:10,0
DA:12,2
DA:18,3
DA:19,3
DA:20,3
DA:22,3
DA:23,3
DA:24,0
DA:25,3
DA:26,1
DA:29,2
DA:33,2
DA:34,2
DA:35,2
DA:42,0
DA:43,0
DA:49,0
DA:50,0
DA:51,0
DA:52,0
DA:54,0
DA:61,0
DA:62,0
DA:63,0
DA:64,0
DA:66,0
DA:71,4
LF:33
LH:19
BRDA:9,0,0,0
BRDA:9,0,1,2
BRDA:23,1,0,0
BRDA:23,1,1,3
BRDA:25,2,0,1
BRDA:25,2,1,2
BRDA:33,3,0,0
BRDA:33,3,1,2
BRDA:51,4,0,0
BRDA:51,4,1,0
BRDA:63,5,0,0
BRDA:63,5,1,0
BRF:12
BRH:5
end_of_record
TN:
SF:AccessToken\JWTutile.js
FN:5,createToken
FN:15,verifyToken
FN:25,decodeToken
FNF:3
FNH:1
FNDA:5,createToken
FNDA:0,verifyToken
FNDA:0,decodeToken
DA:1,5
DA:2,5
DA:6,5
DA:7,5
DA:8,5
DA:10,0
DA:16,0
DA:17,0
DA:18,0
DA:20,0
DA:26,0
DA:27,0
DA:28,0
DA:30,0
DA:34,5
LF:15
LH:6
BRDA:5,0,0,5
BRF:1
BRH:1
end_of_record
TN:
SF:AccessToken\login.js
FN:7,loginUser
FN:57,getUserByEmail
FN:58,(anonymous_2)
FN:59,(anonymous_3)
FNF:4
FNH:4
FNDA:6,loginUser
FNDA:6,getUserByEmail
FNDA:6,(anonymous_2)
FNDA:3,(anonymous_3)
DA:1,4
DA:2,4
DA:3,4
DA:4,4
DA:8,6
DA:10,6
DA:12,6
DA:13,0
DA:16,6
DA:17,3
DA:18,0
DA:21,3
DA:22,3
DA:23,0
DA:26,3
DA:27,3
DA:29,3
DA:30,3
DA:33,3
DA:41,3
DA:51,0
DA:52,0
DA:58,6
DA:59,6
DA:60,3
DA:61,3
DA:66,4
LF:27
LH:22
BRDA:12,0,0,0
BRDA:12,0,1,6
BRDA:12,1,0,6
BRDA:12,1,1,6
BRDA:17,2,0,0
BRDA:17,2,1,3
BRDA:22,3,0,0
BRDA:22,3,1,3
BRDA:60,4,0,0
BRDA:60,4,1,3
BRF:10
BRH:6
end_of_record
TN:
SF:AccessToken\passwordUtile.js
FN:4,verifyPasswordPolicy
FN:27,hashPassword
FN:38,comparePassword
FNF:3
FNH:3
FNDA:4,verifyPasswordPolicy
FNDA:4,hashPassword
FNDA:4,comparePassword
DA:1,6
DA:6,4
DA:7,4
DA:8,4
DA:9,4
DA:10,4
DA:12,4
DA:13,1
DA:14,3
DA:15,0
DA:16,3
DA:17,0
DA:18,3
DA:19,0
DA:20,3
DA:21,0
DA:23,3
DA:28,4
DA:29,4
DA:30,4
DA:31,4
DA:33,0
DA:39,4
DA:40,4
DA:41,4
DA:43,0
DA:47,6
LF:27
LH:21
BRDA:12,0,0,1
BRDA:12,0,1,3
BRDA:14,1,0,0
BRDA:14,1,1,3
BRDA:16,2,0,0
BRDA:16,2,1,3
BRDA:18,3,0,0
BRDA:18,3,1,3
BRDA:20,4,0,0
BRDA:20,4,1,3
BRF:10
BRH:6
end_of_record
TN:
SF:AccessToken\refreshToken.js
FN:8,generateRefreshToken
FN:15,saveRefreshToken
FN:18,(anonymous_2)
FN:23,(anonymous_3)
FN:32,verifyRefreshToken
FN:42,revokeRefreshToken
FN:43,(anonymous_6)
FN:47,(anonymous_7)
FN:56,logoutUser
FN:57,(anonymous_9)
FN:61,(anonymous_10)
FN:69,revokeRefreshTokenByUserId
FN:70,(anonymous_12)
FN:74,(anonymous_13)
FNF:14
FNH:7
FNDA:3,generateRefreshToken
FNDA:3,saveRefreshToken
FNDA:3,(anonymous_2)
FNDA:3,(anonymous_3)
FNDA:0,verifyRefreshToken
FNDA:0,revokeRefreshToken
FNDA:0,(anonymous_6)
FNDA:0,(anonymous_7)
FNDA:0,logoutUser
FNDA:0,(anonymous_9)
FNDA:0,(anonymous_10)
FNDA:1,revokeRefreshTokenByUserId
FNDA:1,(anonymous_12)
FNDA:1,(anonymous_13)
DA:1,4
DA:2,4
DA:3,4
DA:4,4
DA:5,4
DA:9,3
DA:10,3
DA:11,3
DA:16,3
DA:17,3
DA:18,3
DA:19,3
DA:24,3
DA:25,3
DA:33,0
DA:34,0
DA:35,0
DA:37,0
DA:43,0
DA:44,0
DA:48,0
DA:49,0
DA:57,0
DA:58,0
DA:62,0
DA:63,0
DA:70,1
DA:71,1
DA:75,1
DA:76,1
DA:83,4
LF:31
LH:19
BRDA:15,0,0,0
BRDA:24,1,0,0
BRDA:24,1,1,3
BRDA:48,2,0,0
BRDA:48,2,1,0
BRDA:62,3,0,0
BRDA:62,3,1,0
BRDA:75,4,0,0
BRDA:75,4,1,1
BRF:9
BRH:2
end_of_record
TN:
SF:middleware\verifyToken.js
FN:5,verifyToken
FN:11,(anonymous_1)
FNF:2
FNH:2
FNDA:3,verifyToken
FNDA:2,(anonymous_1)
DA:3,4
DA:6,3
DA:7,3
DA:9,3
DA:11,2
DA:12,2
DA:14,2
DA:15,2
DA:19,4
LF:9
LH:9
BRDA:7,0,0,3
BRDA:7,0,1,2
BRDA:9,1,0,1
BRDA:9,1,1,2
BRDA:12,2,0,0
BRDA:12,2,1,2
BRF:6
BRH:5
end_of_record
TN:
SF:utils\cache.js
FN:10,setCache
FN:20,getCache
FN:31,deleteCache
FN:36,clearCache
FNF:4
FNH:3
FNDA:2,setCache
FNDA:2,getCache
FNDA:0,deleteCache
FNDA:2,clearCache
DA:2,4
DA:11,2
DA:12,2
DA:21,2
DA:22,2
DA:23,2
DA:24,1
DA:25,1
DA:27,1
DA:32,0
DA:37,2
DA:40,4
LF:12
LH:11
BRDA:10,0,0,0
BRDA:22,1,0,0
BRDA:22,1,1,2
BRDA:23,2,0,1
BRDA:23,2,1,1
BRF:5
BRH:3
end_of_record
